mode: set
github.com/ansh-devs/ecomm-poc/order-service/service/registry.go:14.54,26.16 4 0
github.com/ansh-devs/ecomm-poc/order-service/service/registry.go:26.16,28.3 1 0
github.com/ansh-devs/ecomm-poc/order-service/service/registry.go:29.2,39.76 2 0
github.com/ansh-devs/ecomm-poc/order-service/service/registry.go:39.76,41.3 1 0
github.com/ansh-devs/ecomm-poc/order-service/service/registry.go:44.45,46.6 2 0
github.com/ansh-devs/ecomm-poc/order-service/service/registry.go:46.6,52.17 1 0
github.com/ansh-devs/ecomm-poc/order-service/service/registry.go:52.17,54.4 1 0
github.com/ansh-devs/ecomm-poc/order-service/service/registry.go:55.3,55.13 1 0
github.com/ansh-devs/ecomm-poc/order-service/service/registry.go:59.44,61.16 2 0
github.com/ansh-devs/ecomm-poc/order-service/service/registry.go:61.16,63.3 1 0
github.com/ansh-devs/ecomm-poc/order-service/service/registry.go:64.2,64.28 1 0
github.com/ansh-devs/ecomm-poc/order-service/service/registry.go:64.28,66.17 2 0
github.com/ansh-devs/ecomm-poc/order-service/service/registry.go:66.17,68.4 1 0
github.com/ansh-devs/ecomm-poc/order-service/service/registry.go:71.2,73.21 2 0
github.com/ansh-devs/ecomm-poc/order-service/service/service_impl.go:31.103,35.16 2 1
github.com/ansh-devs/ecomm-poc/order-service/service/service_impl.go:35.16,37.3 1 0
github.com/ansh-devs/ecomm-poc/order-service/service/service_impl.go:38.2,46.3 2 1
github.com/ansh-devs/ecomm-poc/order-service/service/service_impl.go:49.35,52.16 3 0
github.com/ansh-devs/ecomm-poc/order-service/service/service_impl.go:52.16,54.3 1 0
github.com/ansh-devs/ecomm-poc/order-service/service/service_impl.go:56.2,56.13 1 0
github.com/ansh-devs/ecomm-poc/order-service/service/service_impl.go:60.56,61.36 1 0
github.com/ansh-devs/ecomm-poc/order-service/service/service_impl.go:61.36,67.17 6 0
github.com/ansh-devs/ecomm-poc/order-service/service/service_impl.go:67.17,69.4 1 0
github.com/ansh-devs/ecomm-poc/order-service/service/service_impl.go:70.3,71.17 2 0
github.com/ansh-devs/ecomm-poc/order-service/service/service_impl.go:71.17,73.4 1 0
github.com/ansh-devs/ecomm-poc/order-service/service/service_impl.go:74.3,76.17 3 0
github.com/ansh-devs/ecomm-poc/order-service/service/service_impl.go:76.17,78.4 1 0
github.com/ansh-devs/ecomm-poc/order-service/service/service_impl.go:79.3,81.17 3 0
github.com/ansh-devs/ecomm-poc/order-service/service/service_impl.go:81.17,83.4 1 0
github.com/ansh-devs/ecomm-poc/order-service/service/service_impl.go:85.2,85.6 1 0
github.com/ansh-devs/ecomm-poc/order-service/service/service_impl.go:85.6,87.3 1 0
github.com/ansh-devs/ecomm-poc/order-service/service/service_impl.go:92.98,98.16 6 1
github.com/ansh-devs/ecomm-poc/order-service/service/service_impl.go:98.16,100.3 1 0
github.com/ansh-devs/ecomm-poc/order-service/service/service_impl.go:101.2,116.8 1 1
github.com/ansh-devs/ecomm-poc/order-service/service/service_impl.go:120.102,126.16 6 1
github.com/ansh-devs/ecomm-poc/order-service/service/service_impl.go:126.16,131.3 1 0
github.com/ansh-devs/ecomm-poc/order-service/service/service_impl.go:132.2,132.22 1 1
github.com/ansh-devs/ecomm-poc/order-service/service/service_impl.go:132.22,138.3 1 1
github.com/ansh-devs/ecomm-poc/order-service/service/service_impl.go:138.8,144.3 1 0
github.com/ansh-devs/ecomm-poc/order-service/service/service_impl.go:148.111,154.16 6 1
github.com/ansh-devs/ecomm-poc/order-service/service/service_impl.go:154.16,160.3 1 0
github.com/ansh-devs/ecomm-poc/order-service/service/service_impl.go:161.2,165.8 1 1
